<?xml version="1.0" encoding="UTF-8"?>
<!-- Generated by org.testng.reporters.JUnitReportReporter -->
<testsuite hostname="DESKTOP-N1670C3" failures="0" tests="5" name="TestNG.DepenciesManagement" time="0.029" errors="0" timestamp="2023-03-01T07:36:49 IST" skipped="0">
  <testcase classname="TestNG.DepenciesManagement" name="ThirdClass" time="0.003"/>
  <system-out/>
  <testcase classname="TestNG.DepenciesManagement" name="FourthClass" time="0.005"/>
  <system-out/>
  <testcase classname="TestNG.DepenciesManagement" name="FifthClass" time="0.006"/>
  <system-out/>
  <testcase classname="TestNG.DepenciesManagement" name="FirstClass" time="0.003"/>
  <system-out/>
  <testcase classname="TestNG.DepenciesManagement" name="SecondClass" time="0.012"/>
  <system-out/>
</testsuite> <!-- TestNG.DepenciesManagement -->
