<?xml version="1.0" encoding="UTF-8"?>
<!-- Generated by org.testng.reporters.JUnitReportReporter -->
<testsuite hostname="DESKTOP-N1670C3" failures="0" tests="6" name="TestNG.Grouping" time="0.115" errors="0" timestamp="2023-03-01T07:36:49 IST" skipped="0">
  <testcase classname="TestNG.Grouping" name="redBall" time="0.012"/>
  <system-out/>
  <testcase classname="TestNG.Grouping" name="GreenBall" time="0.009"/>
  <system-out/>
  <testcase classname="TestNG.Grouping" name="backBall" time="0.006"/>
  <system-out/>
  <testcase classname="TestNG.Grouping" name="greenball" time="0.007"/>
  <system-out/>
  <testcase classname="TestNG.Grouping" name="BlackBall" time="0.061"/>
  <system-out/>
  <testcase classname="TestNG.Grouping" name="RedBall" time="0.020"/>
  <system-out/>
</testsuite> <!-- TestNG.Grouping -->
