<?xml version="1.0" encoding="UTF-8"?>
<!-- Generated by org.testng.reporters.JUnitReportReporter -->
<testsuite hostname="DESKTOP-N1670C3" failures="0" tests="4" name="TestNG.Demo" time="0.043" errors="0" timestamp="2023-03-01T07:36:49 IST" skipped="0">
  <testcase classname="TestNG.Demo" name="morning" time="0.011"/>
  <system-out/>
  <testcase classname="TestNG.Demo" name="afternoon" time="0.003"/>
  <system-out/>
  <testcase classname="TestNG.Demo" name="night" time="0.024"/>
  <system-out/>
  <testcase classname="TestNG.Demo" name="evening" time="0.005"/>
  <system-out/>
</testsuite> <!-- TestNG.Demo -->
